<?xml version="1.0" encoding="UTF-8"?>
<!-- Generated by org.testng.reporters.JUnitReportReporter -->
<testsuite hostname="IsdNur" failures="0" tests="3" name="myTYFirstPorject.TestNgpractice2" time="0.011" errors="0" timestamp="2024-04-05T18:01:32 IST" skipped="0">
  <testcase classname="myTYFirstPorject.TestNgpractice2" name="getData" time="0.001"/>
  <system-out/>
  <testcase classname="myTYFirstPorject.TestNgpractice2" name="getData" time="0.008"/>
  <system-out/>
  <testcase classname="myTYFirstPorject.TestNgpractice2" name="getData" time="0.002"/>
  <system-out/>
</testsuite> <!-- myTYFirstPorject.TestNgpractice2 -->
