<?xml version="1.0" encoding="UTF-8"?>
<!-- Generated by org.testng.reporters.JUnitReportReporter -->
<testsuite hostname="IsdNur" failures="0" tests="5" name="myTYFirstPorject.TestNgp1" time="0.014" errors="0" timestamp="2024-04-05T17:05:02 IST" skipped="0">
  <testcase classname="myTYFirstPorject.TestNgp1" name="methodone" time="0.001"/>
  <system-out/>
  <testcase classname="myTYFirstPorject.TestNgp1" name="methodone" time="0.002"/>
  <system-out/>
  <testcase classname="myTYFirstPorject.TestNgp1" name="methodone" time="0.001"/>
  <system-out/>
  <testcase classname="myTYFirstPorject.TestNgp1" name="methodone" time="0.001"/>
  <system-out/>
  <testcase classname="myTYFirstPorject.TestNgp1" name="methodthree" time="0.009"/>
  <system-out/>
</testsuite> <!-- myTYFirstPorject.TestNgp1 -->
