<?xml version="1.0" encoding="UTF-8"?>
<!-- Generated by org.testng.reporters.JUnitReportReporter -->
<testsuite hostname="IsdNur" failures="0" tests="3" name="com.AdvanceAutomation.CommandPrompt_01" time="0.010" errors="0" timestamp="2024-04-15T21:30:39 IST" skipped="0">
  <testcase classname="com.AdvanceAutomation.CommandPrompt_01" name="testing1" time="0.002"/>
  <system-out/>
  <testcase classname="com.AdvanceAutomation.CommandPrompt_01" name="testing" time="0.007"/>
  <system-out/>
  <testcase classname="com.AdvanceAutomation.CommandPrompt_01" name="testing2" time="0.001"/>
  <system-out/>
</testsuite> <!-- com.AdvanceAutomation.CommandPrompt_01 -->
